<?xml version="1.0" encoding="UTF-8"?>
<!-- Generated by org.testng.reporters.JUnitXMLReporter -->
<testsuite hostname="NC003" name="TC_PracticePerformanceTrendPatientDrillDownPaginationR" tests="1" failures="0" timestamp="21 Jul 2017 06:44:37 GMT" time="8.472" errors="0">
  <testcase name="TC_AllMeasures" time="7.48" classname="testcases.dashboard.practice.rolling.TC_PracticePerformanceTrendPatientDrillDownPaginationR"/>
</testsuite> <!-- TC_PracticePerformanceTrendPatientDrillDownPaginationR -->
