<?xml version="1.0" encoding="UTF-8"?>
<!-- Generated by org.testng.reporters.JUnitXMLReporter -->
<testsuite hostname="NC003" name="TC_PracticePerformancrTrendPatientDrillDownPaginationNR" tests="1" failures="0" timestamp="12 Jun 2017 08:54:05 GMT" time="127.091" errors="0">
  <testcase name="TC_AllMeasures" time="125.975" classname="testcases.dashboard.practice.nonRolling.TC_PracticePerformancrTrendPatientDrillDownPaginationNR"/>
</testsuite> <!-- TC_PracticePerformancrTrendPatientDrillDownPaginationNR -->
