<?xml version="1.0" encoding="UTF-8"?>
<!-- Generated by org.testng.reporters.JUnitXMLReporter -->
<testsuite hostname="NC003" name="TC_LocationCountR" tests="1" failures="1" timestamp="19 Feb 2018 14:42:08 GMT" time="157.388" errors="0">
  <testcase name="TC_AllMeasures" time="157.203" classname="testcases.dashboard.location.locationList.rolling.TC_LocationCountR">
    <failure type="java.lang.AssertionError" message="The following asserts failed:
	null">
      <![CDATA[java.lang.AssertionError: The following asserts failed:
	null
	at testcases.dashboard.location.locationList.rolling.TC_LocationCountR.TC_AllMeasures(TC_LocationCountR.java:37)
	at TestNGLoader.Loader.main(Loader.java:60)
... Removed 22 stack frames]]>
    </failure>
  </testcase> <!-- TC_AllMeasures -->
</testsuite> <!-- TC_LocationCountR -->
