<?xml version="1.0" encoding="UTF-8"?>
<!-- Generated by org.testng.reporters.JUnitXMLReporter -->
<testsuite hostname="NC003" name="TC_LocationCountNR" tests="1" failures="1" timestamp="19 Feb 2018 14:39:26 GMT" time="185.213" errors="0">
  <testcase name="TC_AllMeasures" time="185.025" classname="testcases.dashboard.location.locationList.nonRolling.TC_LocationCountNR">
    <failure type="java.lang.AssertionError" message="The following asserts failed:
	null, 
	null">
      <![CDATA[java.lang.AssertionError: The following asserts failed:
	null, 
	null
	at testcases.dashboard.location.locationList.nonRolling.TC_LocationCountNR.TC_AllMeasures(TC_LocationCountNR.java:37)
	at TestNGLoader.Loader.main(Loader.java:60)
... Removed 22 stack frames]]>
    </failure>
  </testcase> <!-- TC_AllMeasures -->
</testsuite> <!-- TC_LocationCountNR -->
