<?xml version="1.0" encoding="UTF-8"?>
<!-- Generated by org.testng.reporters.JUnitXMLReporter -->
<testsuite hostname="NC003" name="TC_PracticeProvidersPatientDrillDownViewR" tests="1" failures="0" timestamp="9 Feb 2018 12:41:51 GMT" time="0.007" errors="0">
  <testcase name="TC_PPPatientDrillDownView" time="0.0" classname="testcases.dashboard.practice.practiceProvider.rolling.TC_PracticeProvidersPatientDrillDownViewR">
    <skipped/>
  </testcase> <!-- TC_PPPatientDrillDownView -->
</testsuite> <!-- TC_PracticeProvidersPatientDrillDownViewR -->
