<?xml version="1.0" encoding="UTF-8"?>
<!-- Generated by org.testng.reporters.JUnitXMLReporter -->
<testsuite hostname="NC003" name="TC_PracticeProvidersPopUpCountR" tests="1" failures="0" timestamp="12 Feb 2018 07:08:54 GMT" time="0.007" errors="0">
  <testcase name="TC_AllMeasures" time="0.0" classname="testcases.dashboard.practice.practiceProvider.rolling.TC_PracticeProvidersPopUpCountR">
    <skipped/>
  </testcase> <!-- TC_AllMeasures -->
</testsuite> <!-- TC_PracticeProvidersPopUpCountR -->
