<?xml version="1.0" encoding="UTF-8"?>
<!-- Generated by org.testng.reporters.JUnitXMLReporter -->
<testsuite hostname="NC003" name="TC_PracticeProvidersMeasureComputationSummaryViewNR" tests="1" failures="0" timestamp="12 Jun 2017 09:00:27 GMT" time="127.32" errors="0">
  <testcase name="startTestCase" time="126.189" classname="testcases.dashboard.practice.nonRolling.TC_PracticeProvidersMeasureComputationSummaryViewNR"/>
</testsuite> <!-- TC_PracticeProvidersMeasureComputationSummaryViewNR -->
