<?xml version="1.0" encoding="UTF-8"?>
<!-- Generated by org.testng.reporters.JUnitXMLReporter -->
<testsuite hostname="NC003" name="TC_PracticeMeasuresWithHigherScore" tests="1" failures="1" timestamp="20 Feb 2018 04:59:49 GMT" time="230.872" errors="0">
  <testcase name="test" time="230.559" classname="testcases.dashboard.practice.practiceMeasureGrid.TC_PracticeMeasuresWithHigherScore">
    <failure type="java.lang.AssertionError" message="The following asserts failed:
	null">
      <![CDATA[java.lang.AssertionError: The following asserts failed:
	null
	at testcases.dashboard.practice.practiceMeasureGrid.TC_PracticeMeasuresWithHigherScore.test(TC_PracticeMeasuresWithHigherScore.java:34)
	at TestNGLoader.Loader.main(Loader.java:60)
... Removed 22 stack frames]]>
    </failure>
  </testcase> <!-- test -->
</testsuite> <!-- TC_PracticeMeasuresWithHigherScore -->
