<?xml version="1.0" encoding="UTF-8"?>
<!-- Generated by org.testng.reporters.JUnitXMLReporter -->
<testsuite hostname="NC003" name="TC_PracticeFavoritesMeasureViewR" tests="1" failures="1" timestamp="20 Feb 2018 04:55:58 GMT" time="24.246" errors="0">
  <testcase name="test" time="23.63" classname="testcases.dashboard.practice.practiceMeasureGrid.TC_PracticeFavoritesMeasureViewR">
    <failure type="java.lang.AssertionError" message="The following asserts failed:
	null">
      <![CDATA[java.lang.AssertionError: The following asserts failed:
	null
	at testcases.dashboard.practice.practiceMeasureGrid.TC_PracticeFavoritesMeasureViewR.test(TC_PracticeFavoritesMeasureViewR.java:38)
	at TestNGLoader.Loader.main(Loader.java:60)
... Removed 22 stack frames]]>
    </failure>
  </testcase> <!-- test -->
</testsuite> <!-- TC_PracticeFavoritesMeasureViewR -->
