<?xml version="1.0" encoding="UTF-8"?>
<!-- Generated by org.testng.reporters.JUnitXMLReporter -->
<testsuite hostname="NC003" name="TC_ProviderMeasureComputationSummaryNR" tests="1" failures="1" timestamp="20 Feb 2018 04:55:34 GMT" time="92.69" errors="0">
  <testcase name="startTestCase" time="91.752" classname="testcases.dashboard.provider.nonrolling.TC_ProviderMeasureComputationSummaryNR">
    <failure type="java.lang.AssertionError" message="The following asserts failed:
	null">
      <![CDATA[java.lang.AssertionError: The following asserts failed:
	null
	at testcases.dashboard.provider.nonrolling.TC_ProviderMeasureComputationSummaryNR.startTestCase(TC_ProviderMeasureComputationSummaryNR.java:35)
	at TestNGLoader.Loader.main(Loader.java:60)
... Removed 22 stack frames]]>
    </failure>
  </testcase> <!-- startTestCase -->
</testsuite> <!-- TC_ProviderMeasureComputationSummaryNR -->
