<?xml version="1.0" encoding="UTF-8"?>
<!-- Generated by org.testng.reporters.JUnitXMLReporter -->
<testsuite hostname="NC003" name="TC_PracticeTotalCount" tests="1" failures="1" timestamp="14 Jun 2017 05:45:42 GMT" time="5.234" errors="0">
  <testcase name="TC_AllMeasures" time="5.102" classname="testcases.administration.practice.TC_PracticeTotalCount">
    <failure type="java.lang.AssertionError" message="The following asserts failed:
	null">
      <![CDATA[java.lang.AssertionError: The following asserts failed:
	null
	at testcases.administration.practice.TC_PracticeTotalCount.TC_AllMeasures(TC_PracticeTotalCount.java:36)
	at TestNGLoader.Loader.main(Loader.java:59)
... Removed 22 stack frames]]>
    </failure>
  </testcase> <!-- TC_AllMeasures -->
</testsuite> <!-- TC_PracticeTotalCount -->
