<?xml version="1.0" encoding="UTF-8"?>
<!-- Generated by org.testng.reporters.JUnitReportReporter -->
<testsuite hostname="NC003" name="testcases.dashboard.practice.practiceAll.location.nonRolling.TC_PracticeAllLocationPopUpCountNR" tests="1" failures="0" timestamp="19 Feb 2018 14:43:19 GMT" time="26.966" errors="0">
  <testcase name="TC_AllMeasures" time="26.966" classname="testcases.dashboard.practice.practiceAll.location.nonRolling.TC_PracticeAllLocationPopUpCountNR"/>
</testsuite> <!-- testcases.dashboard.practice.practiceAll.location.nonRolling.TC_PracticeAllLocationPopUpCountNR -->
