<?xml version="1.0" encoding="UTF-8"?>
<!-- Generated by org.testng.reporters.JUnitReportReporter -->
<testsuite hostname="NC003" name="testcases.dashboard.provider.nonrolling.TC_ProviderPatientDrillDownNR" tests="1" failures="0" timestamp="19 Feb 2018 14:43:18 GMT" time="134.834" errors="0">
  <testcase name="startTestCase" time="134.834" classname="testcases.dashboard.provider.nonrolling.TC_ProviderPatientDrillDownNR"/>
</testsuite> <!-- testcases.dashboard.provider.nonrolling.TC_ProviderPatientDrillDownNR -->
