<?xml version="1.0" encoding="UTF-8"?>
<!-- Generated by org.testng.reporters.JUnitReportReporter -->
<testsuite hostname="NC003" name="testcases.dashboard.provider.rolling.TC_ProviderPatientDrillDownSort" tests="1" failures="0" timestamp="12 Jun 2017 09:44:43 GMT" time="0.000" errors="1">
  <testcase name="startTestCase" time="0.000" classname="testcases.dashboard.provider.rolling.TC_ProviderPatientDrillDownSort">
    <error type="org.testng.TestNGException" message="
Method public void testcases.dashboard.provider.rolling.TC_ProviderPatientDrillDownSort.startTestCase(java.util.Hashtable) throws java.io.IOException,org.apache.poi.openxml4j.exceptions.InvalidFormatException requires a @DataProvider named : TC_ProviderPatientDrillDownSort">
      <![CDATA[org.testng.TestNGException: 
Method public void testcases.dashboard.provider.rolling.TC_ProviderPatientDrillDownSort.startTestCase(java.util.Hashtable) throws java.io.IOException,org.apache.poi.openxml4j.exceptions.InvalidFormatException requires a @DataProvider named : TC_ProviderPatientDrillDownSort
	at org.testng.internal.Parameters.findDataProvider(Parameters.java:263)
	at org.testng.internal.Parameters.handleParameters(Parameters.java:419)
	at org.testng.internal.Invoker.handleParameters(Invoker.java:1276)
	at org.testng.internal.Invoker.createParameters(Invoker.java:991)
	at org.testng.internal.Invoker.invokeTestMethods(Invoker.java:1081)
	at org.testng.internal.TestMethodWorker.invokeTestMethods(TestMethodWorker.java:129)
	at org.testng.internal.TestMethodWorker.run(TestMethodWorker.java:112)
	at org.testng.TestRunner.privateRun(TestRunner.java:782)
	at org.testng.TestRunner.run(TestRunner.java:632)
	at org.testng.SuiteRunner.runTest(SuiteRunner.java:366)
	at org.testng.SuiteRunner.runSequentially(SuiteRunner.java:361)
	at org.testng.SuiteRunner.privateRun(SuiteRunner.java:319)
	at org.testng.SuiteRunner.run(SuiteRunner.java:268)
	at org.testng.SuiteRunnerWorker.runSuite(SuiteRunnerWorker.java:52)
	at org.testng.SuiteRunnerWorker.run(SuiteRunnerWorker.java:86)
	at org.testng.TestNG.runSuitesSequentially(TestNG.java:1244)
	at org.testng.TestNG.runSuitesLocally(TestNG.java:1169)
	at org.testng.TestNG.run(TestNG.java:1064)
	at TestNGLoader.Loader.main(Loader.java:59)
]]>
    </error>
  </testcase> <!-- startTestCase -->
</testsuite> <!-- testcases.dashboard.provider.rolling.TC_ProviderPatientDrillDownSort -->
