<?xml version="1.0" encoding="UTF-8"?>
<!-- Generated by org.testng.reporters.JUnitReportReporter -->
<testsuite hostname="NC003" name="testcases.dashboard.provider.nonrolling.TC_DashboardProviderPaginationNR" tests="1" failures="0" timestamp="12 Jun 2017 09:44:44 GMT" time="62.763" errors="0">
  <testcase name="startTestCase" time="62.763" classname="testcases.dashboard.provider.nonrolling.TC_DashboardProviderPaginationNR"/>
</testsuite> <!-- testcases.dashboard.provider.nonrolling.TC_DashboardProviderPaginationNR -->
