<?xml version="1.0" encoding="UTF-8"?>
<!-- Generated by org.testng.reporters.JUnitReportReporter -->
<testsuite hostname="NC003" name="testcases.administration.groupmanagement.TC_AssociatedUsersPagination" tests="1" failures="0" timestamp="23 Nov 2017 12:52:56 GMT" time="8.775" errors="0">
  <testcase name="TC_AllMeasures" time="8.775" classname="testcases.administration.groupmanagement.TC_AssociatedUsersPagination"/>
</testsuite> <!-- testcases.administration.groupmanagement.TC_AssociatedUsersPagination -->
