<?xml version="1.0" encoding="UTF-8"?>
<!-- Generated by org.testng.reporters.JUnitReportReporter -->
<testsuite hostname="NC003" name="testcases.dashboard.practice.rolling.TC_PracticeFavoritesMeasureViewR" tests="1" failures="0" timestamp="12 Jun 2017 09:44:40 GMT" time="0.000" errors="1">
  <testcase name="TC_AllMeasures" time="0.000" classname="testcases.dashboard.practice.rolling.TC_PracticeFavoritesMeasureViewR">
    <error type="java.lang.NullPointerException">
      <![CDATA[java.lang.NullPointerException
	at org.testng.internal.MethodInvocationHelper.invokeDataProvider(MethodInvocationHelper.java:151)
	at org.testng.internal.Parameters.handleParameters(Parameters.java:430)
	at org.testng.internal.Invoker.handleParameters(Invoker.java:1276)
	at org.testng.internal.Invoker.createParameters(Invoker.java:991)
	at org.testng.internal.Invoker.invokeTestMethods(Invoker.java:1081)
	at org.testng.internal.TestMethodWorker.invokeTestMethods(TestMethodWorker.java:129)
	at org.testng.internal.TestMethodWorker.run(TestMethodWorker.java:112)
	at org.testng.TestRunner.privateRun(TestRunner.java:782)
	at org.testng.TestRunner.run(TestRunner.java:632)
	at org.testng.SuiteRunner.runTest(SuiteRunner.java:366)
	at org.testng.SuiteRunner.runSequentially(SuiteRunner.java:361)
	at org.testng.SuiteRunner.privateRun(SuiteRunner.java:319)
	at org.testng.SuiteRunner.run(SuiteRunner.java:268)
	at org.testng.SuiteRunnerWorker.runSuite(SuiteRunnerWorker.java:52)
	at org.testng.SuiteRunnerWorker.run(SuiteRunnerWorker.java:86)
	at org.testng.TestNG.runSuitesSequentially(TestNG.java:1244)
	at org.testng.TestNG.runSuitesLocally(TestNG.java:1169)
	at org.testng.TestNG.run(TestNG.java:1064)
	at TestNGLoader.Loader.main(Loader.java:59)
]]>
    </error>
  </testcase> <!-- TC_AllMeasures -->
</testsuite> <!-- testcases.dashboard.practice.rolling.TC_PracticeFavoritesMeasureViewR -->
