<?xml version="1.0" encoding="UTF-8"?>
<!-- Generated by org.testng.reporters.JUnitReportReporter -->
<testsuite hostname="NC003" name="testcases.dashboard.practice.nonRolling.TC_PracticeLocationPatientDrillDownCountNR" tests="1" failures="0" timestamp="12 Jun 2017 09:44:44 GMT" time="126.007" errors="0">
  <testcase name="TC_AllMeasures" time="126.007" classname="testcases.dashboard.practice.nonRolling.TC_PracticeLocationPatientDrillDownCountNR"/>
</testsuite> <!-- testcases.dashboard.practice.nonRolling.TC_PracticeLocationPatientDrillDownCountNR -->
