<?xml version="1.0" encoding="UTF-8"?>
<!-- Generated by org.testng.reporters.JUnitReportReporter -->
<testsuite hostname="NC003" name="testcases.dashboard.practice.nonRolling.TC_PracticeProvidersPatientDrillDownViewNR" tests="1" failures="0" timestamp="12 Jun 2017 09:44:43 GMT" time="126.003" errors="0">
  <testcase name="TC_AllMeasures" time="126.003" classname="testcases.dashboard.practice.nonRolling.TC_PracticeProvidersPatientDrillDownViewNR"/>
</testsuite> <!-- testcases.dashboard.practice.nonRolling.TC_PracticeProvidersPatientDrillDownViewNR -->
