<?xml version="1.0" encoding="UTF-8"?>
<!-- Generated by org.testng.reporters.JUnitReportReporter -->
<testsuite hostname="NC003" name="testcases.dashboard.location.rolling.TC_LocationMeasureMeasureComputationSummaryViewR" tests="1" failures="0" timestamp="12 Jun 2017 09:44:40 GMT" time="60.533" errors="0">
  <testcase name="TC_AllMeasures" time="60.533" classname="testcases.dashboard.location.rolling.TC_LocationMeasureMeasureComputationSummaryViewR"/>
</testsuite> <!-- testcases.dashboard.location.rolling.TC_LocationMeasureMeasureComputationSummaryViewR -->
