<?xml version="1.0" encoding="UTF-8"?>
<!-- Generated by org.testng.reporters.JUnitReportReporter -->
<testsuite hostname="NC003" name="testcases.dashboard.practice.rolling.TC_PracticeAllProvidersPopUpViewR" tests="1" failures="0" timestamp="13 Feb 2018 16:01:23 GMT" time="58.045" errors="0">
  <testcase name="TC_AllMeasures" time="58.045" classname="testcases.dashboard.practice.rolling.TC_PracticeAllProvidersPopUpViewR"/>
</testsuite> <!-- testcases.dashboard.practice.rolling.TC_PracticeAllProvidersPopUpViewR -->
