<?xml version="1.0" encoding="UTF-8"?>
<!-- Generated by org.testng.reporters.JUnitReportReporter -->
<testsuite hostname="NC003" name="testcases.dashboard.practice.nonRolling.TC_PracticeAllProvidersPopUpCountNR" tests="1" failures="0" timestamp="19 Feb 2018 14:43:19 GMT" time="29.535" errors="0">
  <testcase name="TC_AllMeasures" time="29.535" classname="testcases.dashboard.practice.nonRolling.TC_PracticeAllProvidersPopUpCountNR"/>
</testsuite> <!-- testcases.dashboard.practice.nonRolling.TC_PracticeAllProvidersPopUpCountNR -->
