<?xml version="1.0" encoding="UTF-8"?>
<!-- Generated by org.testng.reporters.JUnitReportReporter -->
<testsuite hostname="NC003" name="testcases.administration.groupmanagement.TC_AuthorizedUsersGroupsPagination" tests="1" failures="0" timestamp="23 Nov 2017 12:52:56 GMT" time="5.497" errors="0">
  <testcase name="TC_AllMeasures" time="5.497" classname="testcases.administration.groupmanagement.TC_AuthorizedUsersGroupsPagination"/>
</testsuite> <!-- testcases.administration.groupmanagement.TC_AuthorizedUsersGroupsPagination -->
