<?xml version="1.0" encoding="UTF-8"?>
<!-- Generated by org.testng.reporters.JUnitReportReporter -->
<testsuite hostname="NC003" name="testcases.dashboard.practice.rolling.TC_PracticeLocationPopUpCountR" tests="1" failures="0" timestamp="27 Nov 2017 11:57:16 GMT" time="31.969" errors="0">
  <testcase name="TC_AllMeasuresPracticeLocationPopUpCountR" time="31.969" classname="testcases.dashboard.practice.rolling.TC_PracticeLocationPopUpCountR"/>
</testsuite> <!-- testcases.dashboard.practice.rolling.TC_PracticeLocationPopUpCountR -->
