<?xml version="1.0" encoding="UTF-8"?>
<!-- Generated by org.testng.reporters.JUnitReportReporter -->
<testsuite hostname="NC003" name="testcases.dashboard.provider.nonrolling.TC_ProviderPatientDrillDownCountNR" tests="1" failures="0" timestamp="14 Jun 2017 05:58:25 GMT" time="62.513" errors="0">
  <testcase name="startTestCase" time="62.513" classname="testcases.dashboard.provider.nonrolling.TC_ProviderPatientDrillDownCountNR"/>
</testsuite> <!-- testcases.dashboard.provider.nonrolling.TC_ProviderPatientDrillDownCountNR -->
