<?xml version="1.0" encoding="UTF-8"?>
<!-- Generated by org.testng.reporters.JUnitReportReporter -->
<testsuite hostname="NC003" name="testcases.dashboard.practice.nonRolling.TC_PracticeLocationPopUpViewNR" tests="1" failures="0" timestamp="16 Nov 2017 11:57:37 GMT" time="63.116" errors="0">
  <testcase name="TC_AllMeasures" time="63.116" classname="testcases.dashboard.practice.nonRolling.TC_PracticeLocationPopUpViewNR"/>
</testsuite> <!-- testcases.dashboard.practice.nonRolling.TC_PracticeLocationPopUpViewNR -->
