<?xml version="1.0" encoding="UTF-8"?>
<!-- Generated by org.testng.reporters.JUnitReportReporter -->
<testsuite hostname="NC003" name="testcases.dashboard.practice.rolling.TC_PracticeLocationMeasureComputationSummaryViewR" tests="1" failures="0" timestamp="12 Jun 2017 09:44:43 GMT" time="127.426" errors="0">
  <testcase name="startTestCase" time="127.426" classname="testcases.dashboard.practice.rolling.TC_PracticeLocationMeasureComputationSummaryViewR"/>
</testsuite> <!-- testcases.dashboard.practice.rolling.TC_PracticeLocationMeasureComputationSummaryViewR -->
